<?xml version="1.0" encoding="UTF-8"?>
<testng-results skipped="0" failed="0" total="1" passed="1">
  <reporter-output>
  </reporter-output>
  <suite name="Default suite" duration-ms="116541" started-at="2018-03-24T18:28:09Z" finished-at="2018-03-24T18:30:06Z">
    <groups>
    </groups>
    <test name="Default test" duration-ms="116541" started-at="2018-03-24T18:28:09Z" finished-at="2018-03-24T18:30:06Z">
      <class name="com.Demoqa.testcases.Verify">
        <test-method status="PASS" signature="beforeMethod()[pri:0, instance:com.Demoqa.testcases.Verify@d25987]" name="beforeMethod" is-config="true" duration-ms="102146" started-at="2018-03-24T23:58:09Z" finished-at="2018-03-24T23:59:51Z">
          <reporter-output>
          </reporter-output>
        </test-method> <!-- beforeMethod -->
        <test-method status="PASS" signature="Test()[pri:0, instance:com.Demoqa.testcases.Verify@d25987]" name="Test" duration-ms="9" started-at="2018-03-24T23:59:51Z" finished-at="2018-03-24T23:59:51Z">
          <reporter-output>
          </reporter-output>
        </test-method> <!-- Test -->
        <test-method status="PASS" signature="afterMethod()[pri:0, instance:com.Demoqa.testcases.Verify@d25987]" name="afterMethod" is-config="true" duration-ms="14361" started-at="2018-03-24T23:59:51Z" finished-at="2018-03-25T00:00:06Z">
          <reporter-output>
          </reporter-output>
        </test-method> <!-- afterMethod -->
      </class> <!-- com.Demoqa.testcases.Verify -->
    </test> <!-- Default test -->
  </suite> <!-- Default suite -->
</testng-results>
